Names: 876 to translate (of 1896 unique)
  5/44 batches
  10/44 batches
  15/44 batches
  20/44 batches
  25/44 batches
  30/44 batches
  35/44 batches
  40/44 batches
  44/44 batches
Steps: 4564 to translate (of 4564 unique)
  5/229 batches
  10/229 batches
  15/229 batches
  20/229 batches
  25/229 batches
  30/229 batches
  35/229 batches
  40/229 batches
  45/229 batches
  50/229 batches
  55/229 batches
  60/229 batches
  65/229 batches
  70/229 batches
  dropped a batch (unparseable) — will retry next run
  75/229 batches
  80/229 batches
  85/229 batches
  90/229 batches
  95/229 batches
  100/229 batches
  105/229 batches
  110/229 batches
  115/229 batches
  120/229 batches
  125/229 batches
  130/229 batches
  135/229 batches
  140/229 batches
  145/229 batches
  150/229 batches
  155/229 batches
  160/229 batches
  165/229 batches
  170/229 batches
  175/229 batches
  180/229 batches
  185/229 batches
  190/229 batches
  dropped a batch (unparseable) — will retry next run
  195/229 batches
  200/229 batches
  205/229 batches
  210/229 batches
  215/229 batches
  220/229 batches
  225/229 batches
  229/229 batches

Merged: steps_fa on 1880/1899, name_fa on 1899/1899
Done.
